<?xml version="1.0" encoding="UTF-8"?>
<!-- Generated by org.testng.reporters.JUnitReportReporter -->
<testsuite skipped="0" hostname="DESKTOP-ALPH6TE" name="ApiTest" tests="2" failures="0" timestamp="01 nov 2020 21:02:49 GMT" time="1.120" errors="0">
  <testcase name="omdbApiTestNoMovie" time="0.077" classname="ApiTest"/>
  <testcase name="omdbApiTest" time="1.043" classname="ApiTest"/>
</testsuite> <!-- ApiTest -->
