<?xml version="1.0" encoding="UTF-8"?>
<!-- Generated by org.testng.reporters.JUnitReportReporter -->
<testsuite skipped="0" hostname="DESKTOP-ALPH6TE" name="execution.MainRunner" tests="1" failures="0" timestamp="01 nov 2020 19:27:55 GMT" time="37.099" errors="0">
  <testcase name="feature" time="37.099" classname="execution.MainRunner"/>
</testsuite> <!-- execution.MainRunner -->
